<?xml version="1.0" encoding="UTF-8"?>
<!-- Generated by org.testng.reporters.JUnitReportReporter -->
<testsuite skipped="0" hostname="DESKTOP-QDVUGVC" name="restAssured.addUser" tests="1" failures="0" timestamp="2019-08-22T21:38:01 IST" time="7.371" errors="0">
  <testcase name="AddnewUser" time="7.371" classname="restAssured.addUser"/>
</testsuite> <!-- restAssured.addUser -->
