<?xml version="1.0" encoding="UTF-8"?>
<!-- Generated by org.testng.reporters.JUnitReportReporter -->
<testsuite skipped="0" hostname="DESKTOP-QDVUGVC" name="restAssured.getAuth" tests="3" failures="0" timestamp="2019-08-22T21:37:49 IST" time="13.119" errors="0">
  <testcase name="gettoken" time="6.354" classname="restAssured.getAuth"/>
  <testcase name="emptycreds" time="5.053" classname="restAssured.getAuth"/>
  <testcase name="wrongcreds" time="1.712" classname="restAssured.getAuth"/>
</testsuite> <!-- restAssured.getAuth -->
