<?xml version="1.0" encoding="UTF-8"?>
<!-- Generated by org.testng.reporters.JUnitReportReporter -->
<testsuite skipped="0" hostname="wishbook" name="restAssured.getListofUsers" tests="1" failures="0" timestamp="2019-08-21T19:16:31 IST" time="13.344" errors="0">
  <testcase name="getUsers" time="13.344" classname="restAssured.getListofUsers"/>
</testsuite> <!-- restAssured.getListofUsers -->
