<?xml version="1.0" encoding="UTF-8"?>
<!-- Generated by org.testng.reporters.JUnitReportReporter -->
<testsuite skipped="0" hostname="wishbook" name="restAssured.getSingleUser" tests="1" failures="0" timestamp="2019-08-21T18:58:46 IST" time="4.628" errors="0">
  <testcase name="getSingleUser" time="4.628" classname="restAssured.getSingleUser"/>
</testsuite> <!-- restAssured.getSingleUser -->
