<?xml version="1.0" encoding="UTF-8"?>
<!-- Generated by org.testng.reporters.JUnitReportReporter -->
<testsuite skipped="0" hostname="DESKTOP-QDVUGVC" name="restAssured.DeleteUser" tests="1" failures="0" timestamp="2019-08-23T12:56:52 IST" time="3.977" errors="0">
  <testcase name="deleteUser" time="3.977" classname="restAssured.DeleteUser"/>
</testsuite> <!-- restAssured.DeleteUser -->
