<?xml version="1.0" encoding="UTF-8"?>
<!-- Generated by org.testng.reporters.JUnitReportReporter -->
<testsuite skipped="0" hostname="DESKTOP-QDVUGVC" name="restAssured.AddnewUser" tests="4" failures="0" timestamp="2019-08-22T23:12:10 IST" time="10.663" errors="0">
  <testcase name="AddnewUser" time="8.119" classname="restAssured.AddnewUser"/>
  <testcase name="WrongParameter" time="2.540" classname="restAssured.AddnewUser"/>
  <testcase name="emptyDetails" time="0.002" classname="restAssured.AddnewUser"/>
  <testcase name="WrongMethod" time="0.002" classname="restAssured.AddnewUser"/>
</testsuite> <!-- restAssured.AddnewUser -->
